
 SAHYSMOD: A predictive computation method for soil and groundwater,
 salinity and the watertable depth in agricultural lands using
 varying hydrologic conditions and watermanagement options.
 The first version of the ILRI working group:
 K.V.G.K. Rao, R.J. Oosterbaan, J. Boonstra, H. Ramnandanlal, and R.A.L. Kselik,
 was regularly updated by R.J. Oosterbaan
 and he brought it from DOS to Windows. Consult the manual.

  YEAR:      0    Name of output file:   C:\Sahysmod\TEST\Tinamit.out
  ************
  Season:    1    Duration:    6.0  months.
  ************
  Polygon:   1    X (cm):   10.000      Y (cm):   25.000
                                     Area (m2): 500000.000
  It  =  8.99E-002    Is  =  0.00E+000    IaA =  9.00E-002    IaB =      -    
  FfA =  1.00E+000    FfB =      -        FfT =  1.00E+000    Io  =  8.05E-002
  JsA =  1.00E+000    JsB =      -        EaU =  1.80E-001
  LrA =  0.00E+000    LRB =      -        LrU =  0.00E+000    RrT =  0.00E+000
  RrA =  0.00E+000    RrB =      -        RrU =  0.00E+000    RrT =  0.00E+000
  Gti =  0.00E+000    Gto =  1.25E-001    Qv  = -4.30E-001
  Gqi =  0.00E+000    Gqo =  1.69E+001    Gaq = -1.71E+001    Gnt = -1.72E+001
  Gd  =      -        Ga  =      -        Gb  =      -        Gw =  2.13E-001
  Dw  = -5.70E-001    Hw  =  1.46E+002    Hq  =      -    
  Sto =      -        Zs  =      -    
  A   =  9.99E-001    B   =      -        U   =      -    
  Uc  =      -        Kr  =   2
  CrA =  2.00E+000    CrB =      -        CrU =      -        Cr4 =      -    
  C1* =      -        C2* =  2.00E+000    C3* =      -    
  Cxf =  2.00E+000    Cxa =      -        Cxb =      -        Cqf =  2.00E+000
  Cti =  2.00E+000    Cqi =  2.00E+000
  Ci  =  1.00E+000    Cd  =      -        Cw  =  2.00E+000
 #
  YEAR:      0    Name of output file:   C:\Sahysmod\TEST\Tinamit.out
  ************
  Season:    2    Duration:    6.0  months.
  ************
  Polygon:   1    X (cm):   10.000      Y (cm):   25.000
                                     Area (m2): 500000.000
  It  =  4.56E-001    Is  =  3.10E-001    IaA =  2.73E-001    IaB =  4.78E-001
  FfA =  6.84E-001    FfB =  1.00E+000    FfT =  1.00E+000    Io  =  0.00E+000
  JsA =  1.00E+000    JsB =  1.00E+000    EaU =      -    
  LrA =  0.00E+000    LrB =  0.00E+000    LrU =      -        LrT =  0.00E+000
  RrA =  0.00E+000    RrB =  0.00E+000    RrU =      -        RrT =  0.00E+000
  Gti =  0.00E+000    Gto =  1.23E-001    Qv  = -3.50E-001
  Gqi =  0.00E+000    Gqo =  1.68E+001    Gaq = -1.70E+001    Gnt = -1.71E+001
  Gd  =      -        Ga  =      -        Gb  =      -        Gw =  1.83E-001
  Dw  = -5.70E-001    Hw  =  1.46E+002    Hq  =      -    
  Sto =      -        Zs  =      -    
  A   =  1.04E-001    B   =  8.95E-001    U   =      -    
  Uc  =      -        Kr  =   2
  CrA =  2.00E+000    CrB =      -        CrU =      -        Cr4 =      -    
  C1* =      -        C2* =  2.00E+000    C3* =      -    
  Cxf =  2.00E+000    Cxa =      -        Cxb =      -        Cqf =  2.00E+000
  Cti =  2.00E+000    Cqi =  2.00E+000
  Ci  =  1.00E+000    Cd  =      -        Cw  =  2.00E+000
 #
  YEAR:      1    Name of output file:   C:\Sahysmod\TEST\Tinamit.out
  ************
  Season:    1    Duration:    6.0  months.
  ************
  Polygon:   1    X (cm):   10.000      Y (cm):   25.000
                                     Area (m2): 500000.000
  It  =  9.42E-002    Is  =  0.00E+000    IaA =  9.00E-002    IaB =      -    
  FfA =  2.92E-001    FfB =      -        FfT =  2.83E-001    Io  =  6.99E+000
  JsA =  7.21E-001    JsB =      -        EaU =  1.24E-001
  LrA =  0.00E+000    LRB =      -        LrU =  0.00E+000    RrT =  0.00E+000
  RrA =  2.15E-001    RrB =      -        RrU =  1.37E-001    RrT =  2.15E-001
  Gti =  6.06E-003    Gto =  6.35E-003    Qv  = -2.27E-001
  Gqi =  1.48E+000    Gqo =  1.72E+000    Gaq = -4.57E-001    Gnt = -4.58E-001
  Gd  =      -        Ga  =      -        Gb  =      -        Gw =  2.13E-001
  Dw  =  1.30E+000    Hw  =  1.44E+002    Hq  =      -    
  Sto =      -        Zs  =      -    
  A   =  9.99E-001    B   =      -        U   =      -    
  Uc  =      -        Kr  =   2
  CrA =  3.58E+000    CrB =      -        CrU =      -        Cr4 =      -    
  C1* =      -        C2* =  1.96E+000    C3* =      -    
  Cxf =  1.65E+000    Cxa =      -        Cxb =      -        Cqf =  2.00E+000
  Cti =  2.00E+000    Cqi =  2.00E+000
  Ci  =  1.00E+000    Cd  =      -        Cw  =  2.00E+000
 #
  YEAR:      1    Name of output file:   C:\Sahysmod\TEST\Tinamit.out
  ************
  Season:    2    Duration:    6.0  months.
  ************
  Polygon:   1    X (cm):   10.000      Y (cm):   25.000
                                     Area (m2): 500000.000
  It  =  4.80E-001    Is  =  3.34E-001    IaA =  2.73E-001    IaB =  4.78E-001
  FfA =  6.84E-001    FfB =  9.18E-001    FfT =  8.70E-001    Io  =  0.00E+000
  JsA =  1.00E+000    JsB =  8.39E-001    EaU =      -    
  LrA =  1.59E-001    LrB =  0.00E+000    LrU =      -        LrT =  1.65E-002
  RrA =  0.00E+000    RrB =  1.16E-001    RrU =      -        RrT =  1.04E-001
  Gti =  7.39E-003    Gto =  2.19E-003    Qv  = -6.33E-002
  Gqi =  1.66E+000    Gqo =  1.45E+000    Gaq =  3.60E-002    Gnt =  4.12E-002
  Gd  =      -        Ga  =      -        Gb  =      -        Gw =  1.83E-001
  Dw  =  1.35E+000    Hw  =  1.44E+002    Hq  =      -    
  Sto =      -        Zs  =      -    
  A   =  1.04E-001    B   =  8.95E-001    U   =      -    
  Uc  =      -        Kr  =   2
  CrA =  3.26E+000    CrB =      -        CrU =      -        Cr4 =      -    
  C1* =      -        C2* =  3.34E+000    C3* =      -    
  Cxf =  1.58E+000    Cxa =      -        Cxb =      -        Cqf =  2.00E+000
  Cti =  2.00E+000    Cqi =  2.00E+000
  Ci  =  1.30E+000    Cd  =      -        Cw  =  2.00E+000
 #
